<?xml version="1.0" encoding="UTF-8"?>
<!-- Generated by org.testng.reporters.JUnitReportReporter -->
<testsuite hostname="DESKTOP-L9P3PUU" failures="0" tests="1" name="packge.c1" time="5.876" errors="0" timestamp="2022-10-12T20:21:38 IST" skipped="0">
  <testcase classname="packge.c1" name="t1" time="5.876"/>
  <system-out/>
</testsuite> <!-- packge.c1 -->
