<?xml version="1.0" encoding="UTF-8"?>
<!-- Generated by org.testng.reporters.JUnitReportReporter -->
<testsuite hostname="DESKTOP-L9P3PUU" failures="0" tests="1" name="extenreport.e1" time="7.999" errors="0" timestamp="2022-10-20T15:09:22 IST" skipped="0">
  <testcase classname="extenreport.e1" name="extentReportsDemo" time="7.999"/>
  <system-out/>
</testsuite> <!-- extenreport.e1 -->
