<?xml version="1.0" encoding="UTF-8"?>
<!-- Generated by org.testng.reporters.JUnitReportReporter -->
<testsuite hostname="DESKTOP-L9P3PUU" failures="0" tests="1" name="package2.c4" time="26.675" errors="0" timestamp="2022-10-12T20:02:04 IST" skipped="0">
  <testcase classname="package2.c4" name="t4" time="26.675"/>
  <system-out/>
</testsuite> <!-- package2.c4 -->
